"../../../../../../Users/Synthas/Documents/Unreal Projects/Overcast/Overcast/Content/Environment/lambert1.uasset" 0
"../../../../../../Users/Synthas/Documents/Unreal Projects/Overcast/Overcast/Content/lambert1.uasset" 1
"../../../../../../Users/Synthas/Documents/Unreal Projects/Overcast/Overcast/Content/audio_n_cutscene/Cutscene_2.uasset" 2
"../../../../../../Users/Synthas/Documents/Unreal Projects/Overcast/Overcast/Content/audio_n_cutscene/GrowingPlant_01.uasset" 3
"../../../../../../Users/Synthas/Documents/Unreal Projects/Overcast/Overcast/Content/audio_n_cutscene/GrowingPlant_01_Cue.uasset" 4
"../../../../../../Users/Synthas/Documents/Unreal Projects/Overcast/Overcast/Content/audio_n_cutscene/Sequence1.uasset" 5
"../../../../../../Users/Synthas/Documents/Unreal Projects/Overcast/Overcast/Content/audio_n_cutscene/Sequence2.uasset" 6
"../../../../../../Users/Synthas/Documents/Unreal Projects/Overcast/Overcast/Content/Blueprints/OvercastGameInstanceBP.uasset" 7
"../../../../../../Users/Synthas/Documents/Unreal Projects/Overcast/Overcast/Content/Materials/WhiteMaterial.uasset" 8
"../../../../../../Users/Synthas/Documents/Unreal Projects/Overcast/Overcast/Content/Environment/PlaceholderMeshes/PlayerMesh.uasset" 9
"../../../../../../Users/Synthas/Documents/Unreal Projects/Overcast/Overcast/Content/Blueprints/Player2_BP.uasset" 10
"../../../../../../Users/Synthas/Documents/Unreal Projects/Overcast/Overcast/Content/Blueprints/PlayerBaseBLUEPRINT.uasset" 11
"../../../../../../Users/Synthas/Documents/Unreal Projects/Overcast/Overcast/Content/Blueprints/PlayerControl.uasset" 12
"../../../../../../Users/Synthas/Documents/Unreal Projects/Overcast/Overcast/Content/Environment/PlaceholderMeshes/BoxMesh.uasset" 13
"../../../../../../Users/Synthas/Documents/Unreal Projects/Overcast/Overcast/Content/Blueprints/StaticMeshTriggerBP.uasset" 14
"../../../../../../Users/Synthas/Documents/Unreal Projects/Overcast/Overcast/Content/Blueprints/StaticMeshTriggerMeshBP.uasset" 15
"../../../../../../Users/Synthas/Documents/Unreal Projects/Overcast/Overcast/Content/Characters/MainCharacter/Dart_Skeleton.uasset" 16
"../../../../../../Users/Synthas/Documents/Unreal Projects/Overcast/Overcast/Content/Characters/MainCharacter/Dart_DeathAnimation.uasset" 17
"../../../../../../Users/Synthas/Documents/Unreal Projects/Overcast/Overcast/Content/Characters/MainCharacter/Dart_Jump_v2_1.uasset" 18
"../../../../../../Users/Synthas/Documents/Unreal Projects/Overcast/Overcast/Content/Characters/MainCharacter/Dart_Jump_v2_2.uasset" 19
"../../../../../../Users/Synthas/Documents/Unreal Projects/Overcast/Overcast/Content/Characters/MainCharacter/Dart_Jump_v2_3.uasset" 20
"../../../../../../Users/Synthas/Documents/Unreal Projects/Overcast/Overcast/Content/Characters/MainCharacter/Dart_Idleanimation.uasset" 21
"../../../../../../Users/Synthas/Documents/Unreal Projects/Overcast/Overcast/Content/Characters/MainCharacter/Dart_WalkAnimation.uasset" 22
"../../../../../../Users/Synthas/Documents/Unreal Projects/Overcast/Overcast/Content/Characters/MainCharacter/IdleWalkRun_Blend.uasset" 23
"../../../../../../Users/Synthas/Documents/Unreal Projects/Overcast/Overcast/Content/Characters/MainCharacter/DartAnim_BP.uasset" 24
"../../../../../../Users/Synthas/Documents/Unreal Projects/Overcast/Overcast/Content/Characters/MainCharacter/Dart_AttackAnimation.uasset" 25
"../../../../../../Users/Synthas/Documents/Unreal Projects/Overcast/Overcast/Content/Characters/MainCharacter/Dart_DashAnimation.uasset" 26
"../../../../../../Users/Synthas/Documents/Unreal Projects/Overcast/Overcast/Content/Characters/PlaceholderGuy/Ch45_nonPBR_Skeleton.uasset" 27
"../../../../../../Users/Synthas/Documents/Unreal Projects/Overcast/Overcast/Content/Characters/PlaceholderGuy/Idle2.uasset" 28
"../../../../../../Users/Synthas/Documents/Unreal Projects/Overcast/Overcast/Content/Characters/PlaceholderGuy/Running2.uasset" 29
"../../../../../../Users/Synthas/Documents/Unreal Projects/Overcast/Overcast/Content/Characters/PlaceholderGuy/Walking2.uasset" 30
"../../../../../../Users/Synthas/Documents/Unreal Projects/Overcast/Overcast/Content/Characters/PlaceholderGuy/Idle-walk-run.uasset" 31
"../../../../../../Users/Synthas/Documents/Unreal Projects/Overcast/Overcast/Content/Characters/Ghost/GhostieRig_Skeleton.uasset" 32
"../../../../../../Users/Synthas/Documents/Unreal Projects/Overcast/Overcast/Content/Characters/Ghost/Ghost_Idle.uasset" 33
"../../../../../../Users/Synthas/Documents/Unreal Projects/Overcast/Overcast/Content/Characters/Ghost/Ghost_Talk.uasset" 34
"../../../../../../Users/Synthas/Documents/Unreal Projects/Overcast/Overcast/Content/Characters/Ghost/GhostABP.uasset" 35
"../../../Engine/Content/EditorBlueprintResources/StandardMacros.uasset" 36
"../../../../../../Users/Synthas/Documents/Unreal Projects/Overcast/Overcast/Content/UI/DialogueBox/DialogueStructure.uasset" 37
"../../../../../../Users/Synthas/Documents/Unreal Projects/Overcast/Overcast/Content/UI/DialogueBox/OvercastDialogue.uasset" 38
"../../../../../../Users/Synthas/Documents/Unreal Projects/Overcast/Overcast/Content/Characters/Ghost/Ghost_01_Texture.uasset" 39
"../../../../../../Users/Synthas/Documents/Unreal Projects/Overcast/Overcast/Content/Characters/Ghost/lambert10.uasset" 40
"../../../../../../Users/Synthas/Documents/Unreal Projects/Overcast/Overcast/Content/Characters/Ghost/GhostieRig_PhysicsAsset.uasset" 41
"../../../../../../Users/Synthas/Documents/Unreal Projects/Overcast/Overcast/Content/Characters/Ghost/GhostieRig.uasset" 42
"../../../../../../Users/Synthas/Documents/Unreal Projects/Overcast/Overcast/Content/UI/Bubu_Ghost.uasset" 43
"../../../../../../Users/Synthas/Documents/Unreal Projects/Overcast/Overcast/Content/UI/Bubu_Ghost_Font.uasset" 44
"../../../../../../Users/Synthas/Documents/Unreal Projects/Overcast/Overcast/Content/UI/HUD/Textbox.uasset" 45
"../../../../../../Users/Synthas/Documents/Unreal Projects/Overcast/Overcast/Content/UI/DialogueBox/DIalogueBoxWBP.uasset" 46
"../../../../../../Users/Synthas/Documents/Unreal Projects/Overcast/Overcast/Content/Blueprints/CheckpointBP.uasset" 47
"../../../../../../Users/Synthas/Documents/Unreal Projects/Overcast/Overcast/Content/Blueprints/PlayerControllerBP.uasset" 48
"../../../../../../Users/Synthas/Documents/Unreal Projects/Overcast/Overcast/Content/Environment/DONE/scroll_lambert1_BaseColor.uasset" 49
"../../../../../../Users/Synthas/Documents/Unreal Projects/Overcast/Overcast/Content/Environment/DONE/scroll_lambert1_BaseColor_Mat.uasset" 50
"../../../../../../Users/Synthas/Documents/Unreal Projects/Overcast/Overcast/Content/Environment/DONE/scroll.uasset" 51
"../../../../../../Users/Synthas/Documents/Unreal Projects/Overcast/Overcast/Content/Blueprints/SpellScrollBP.uasset" 52
"../../../../../../Users/Synthas/Documents/Unreal Projects/Overcast/Overcast/Content/UI/HUD/RainSpellUITexture.uasset" 53
"../../../../../../Users/Synthas/Documents/Unreal Projects/Overcast/Overcast/Content/UI/HUD/ShadeSpellUITexture.uasset" 54
"../../../../../../Users/Synthas/Documents/Unreal Projects/Overcast/Overcast/Content/UI/HUD/SpellHelpUITexture.uasset" 55
"../../../../../../Users/Synthas/Documents/Unreal Projects/Overcast/Overcast/Content/UI/HUD/WindSpellUITexture.uasset" 56
"../../../../../../Users/Synthas/Documents/Unreal Projects/Overcast/Overcast/Content/UI/HUD/GameHUDBP.uasset" 57
"../../../../../../Users/Synthas/Documents/Unreal Projects/Overcast/Overcast/Content/UI/MainMenu/MenuButton.uasset" 58
"../../../../../../Users/Synthas/Documents/Unreal Projects/Overcast/Overcast/Content/UI/NexaBoldFF.uasset" 59
"../../../../../../Users/Synthas/Documents/Unreal Projects/Overcast/Overcast/Content/UI/UIFont.uasset" 60
"../../../../../../Users/Synthas/Documents/Unreal Projects/Overcast/Overcast/Content/UI/MainMenu/MenuTextBlock.uasset" 61
"../../../../../../Users/Synthas/Documents/Unreal Projects/Overcast/Overcast/Content/UI/PauseMenu/PauseDimTexture.uasset" 62
"../../../../../../Users/Synthas/Documents/Unreal Projects/Overcast/Overcast/Content/UI/PauseMenu/PauseMenu.uasset" 63
"../../../../../../Users/Synthas/Documents/Unreal Projects/Overcast/Overcast/Content/Blueprints/OvercastMainGameModeBP.uasset" 64
"../../../../../../Users/Synthas/Documents/Unreal Projects/Overcast/Overcast/Content/Environment/DONE/RainCloud_Texture.uasset" 65
"../../../../../../Users/Synthas/Documents/Unreal Projects/Overcast/Overcast/Content/Environment/DONE/RainCloud_Texture_Mat.uasset" 66
"../../../../../../Users/Synthas/Documents/Unreal Projects/Overcast/Overcast/Content/Environment/DONE/RainCloud.uasset" 67
"../../../Engine/Content/Functions/Engine_MaterialFunctions01/Density/ExponentialDensity.uasset" 68
"../../../Engine/Content/Functions/Engine_MaterialFunctions01/Gradient/RadialGradientExponential.uasset" 69
"../../../../../../Users/Synthas/Documents/Unreal Projects/Overcast/Overcast/Content/Particles/RainCloudParticleMaterial.uasset" 70
"../../../../../../Users/Synthas/Documents/Unreal Projects/Overcast/Overcast/Content/Particles/RainCloudPS.uasset" 71
"../../../../../../Users/Synthas/Documents/Unreal Projects/Overcast/Overcast/Content/Blueprints/RainSpellBP.uasset" 72
"../../../../../../Users/Synthas/Documents/Unreal Projects/Overcast/Overcast/Content/Environment/DONE/sun_lambert1_BaseColor.uasset" 73
"../../../../../../Users/Synthas/Documents/Unreal Projects/Overcast/Overcast/Content/Environment/DONE/sun_lambert1_BaseColor_Mat.uasset" 74
"../../../../../../Users/Synthas/Documents/Unreal Projects/Overcast/Overcast/Content/Environment/DONE/sun.uasset" 75
"../../../../../../Users/Synthas/Documents/Unreal Projects/Overcast/Overcast/Content/Blueprints/ShadeSpellBP.uasset" 76
"../../../../../../Users/Synthas/Documents/Unreal Projects/Overcast/Overcast/Content/Environment/DONE/Windgust_Texture.uasset" 77
"../../../../../../Users/Synthas/Documents/Unreal Projects/Overcast/Overcast/Content/Environment/DONE/Windgust_Texture_Mat.uasset" 78
"../../../../../../Users/Synthas/Documents/Unreal Projects/Overcast/Overcast/Content/Environment/DONE/windgust.uasset" 79
"../../../../../../Users/Synthas/Documents/Unreal Projects/Overcast/Overcast/Content/Blueprints/WindSpell_BP.uasset" 80
"../../../../../../Users/Synthas/Documents/Unreal Projects/Overcast/Overcast/Content/Characters/MainCharacter/Dart_texture.uasset" 81
"../../../../../../Users/Synthas/Documents/Unreal Projects/Overcast/Overcast/Content/Characters/MainCharacter/M_Dart.uasset" 82
"../../../../../../Users/Synthas/Documents/Unreal Projects/Overcast/Overcast/Content/Characters/MainCharacter/Dart_Physics.uasset" 83
"../../../../../../Users/Synthas/Documents/Unreal Projects/Overcast/Overcast/Content/Characters/MainCharacter/Dart_Mesh.uasset" 84
"../../../../../../Users/Synthas/Documents/Unreal Projects/Overcast/Overcast/Content/Blueprints/Player1_BP.uasset" 85
"../../../../../../Users/Synthas/Documents/Unreal Projects/Overcast/Overcast/Content/Environment/DONE/Axe_Texture.uasset" 86
"../../../../../../Users/Synthas/Documents/Unreal Projects/Overcast/Overcast/Content/Environment/DONE/Axe_Texture_Mat.uasset" 87
"../../../../../../Users/Synthas/Documents/Unreal Projects/Overcast/Overcast/Content/Environment/DONE/axe.uasset" 88
"../../../../../../Users/Synthas/Documents/Unreal Projects/Overcast/Overcast/Content/Blueprints/TriggerTouchPlayerBP.uasset" 89
"../../../../../../Users/Synthas/Documents/Unreal Projects/Overcast/Overcast/Content/Blueprints/TriggerTouchBP.uasset" 90
"../../../../../../Users/Synthas/Documents/Unreal Projects/Overcast/Overcast/Content/Blueprints/TriggerBP.uasset" 91
"../../../../../../Users/Synthas/Documents/Unreal Projects/Overcast/Overcast/Content/Characters/Ghost/Ghost_Texture.uasset" 92
"../../../../../../Users/Synthas/Documents/Unreal Projects/Overcast/Overcast/Content/Characters/Ghost/lambert2.uasset" 93
"../../../../../../Users/Synthas/Documents/Unreal Projects/Overcast/Overcast/Content/Characters/MainCharacter/Dart_Jump.uasset" 94
"../../../../../../Users/Synthas/Documents/Unreal Projects/Overcast/Overcast/Content/Characters/MainCharacter/Dart_JumpAnimation.uasset" 95
"../../../../../../Users/Synthas/Documents/Unreal Projects/Overcast/Overcast/Content/Characters/MainCharacter/Dart_Jump_1.uasset" 96
"../../../../../../Users/Synthas/Documents/Unreal Projects/Overcast/Overcast/Content/Characters/MainCharacter/Dart_Jump_3.uasset" 97
"../../../../../../Users/Synthas/Documents/Unreal Projects/Overcast/Overcast/Content/Characters/MainCharacter/Dart_SlidingAnimation.uasset" 98
"../../../../../../Users/Synthas/Documents/Unreal Projects/Overcast/Overcast/Content/Characters/PatrollingOwl/OwlEnemyRig_01_Skeleton.uasset" 99
"../../../../../../Users/Synthas/Documents/Unreal Projects/Overcast/Overcast/Content/Characters/PatrollingOwl/OwlEnemyRig_01_Anim.uasset" 100
"../../../../../../Users/Synthas/Documents/Unreal Projects/Overcast/Overcast/Content/Characters/PatrollingOwl/OwlEnemy_01_Attack.uasset" 101
"../../../../../../Users/Synthas/Documents/Unreal Projects/Overcast/Overcast/Content/Characters/PatrollingOwl/OwnEnemy_AnimMontage.uasset" 102
"../../../../../../Users/Synthas/Documents/Unreal Projects/Overcast/Overcast/Content/Characters/PlaceholderGuy/Ch45_1001_Diffuse.uasset" 103
"../../../../../../Users/Synthas/Documents/Unreal Projects/Overcast/Overcast/Content/Characters/PlaceholderGuy/Ch45_1001_Emissive.uasset" 104
"../../../../../../Users/Synthas/Documents/Unreal Projects/Overcast/Overcast/Content/Characters/PlaceholderGuy/Ch45_1001_Glossiness.uasset" 105
"../../../../../../Users/Synthas/Documents/Unreal Projects/Overcast/Overcast/Content/Characters/PlaceholderGuy/Ch45_1001_Normal.uasset" 106
"../../../../../../Users/Synthas/Documents/Unreal Projects/Overcast/Overcast/Content/Characters/PlaceholderGuy/Ch45_1001_Specular.uasset" 107
"../../../../../../Users/Synthas/Documents/Unreal Projects/Overcast/Overcast/Content/Characters/PlaceholderGuy/Ch45_Body.uasset" 108
"../../../../../../Users/Synthas/Documents/Unreal Projects/Overcast/Overcast/Content/Characters/PlaceholderGuy/Ch45_nonPBR_PhysicsAsset.uasset" 109
"../../../../../../Users/Synthas/Documents/Unreal Projects/Overcast/Overcast/Content/Characters/PlaceholderGuy/Ch45_nonPBR.uasset" 110
"../../../../../../Users/Synthas/Documents/Unreal Projects/Overcast/Overcast/Content/Characters/PlaceholderGuy/Falling_Idle2.uasset" 111
"../../../../../../Users/Synthas/Documents/Unreal Projects/Overcast/Overcast/Content/Characters/PlaceholderGuy/Jumping_Down2.uasset" 112
"../../../../../../Users/Synthas/Documents/Unreal Projects/Overcast/Overcast/Content/Characters/PlaceholderGuy/Jumping_Up2.uasset" 113
"../../../../../../Users/Synthas/Documents/Unreal Projects/Overcast/Overcast/Content/Characters/PlaceholderGuy/Running_Slide.uasset" 114
"../../../../../../Users/Synthas/Documents/Unreal Projects/Overcast/Overcast/Content/Characters/PlaceholderGuy/Running_Slide__1_.uasset" 115
"../../../../../../Users/Synthas/Documents/Unreal Projects/Overcast/Overcast/Content/Characters/PlaceholderGuy/Running_Slide__2_.uasset" 116
"../../../../../../Users/Synthas/Documents/Unreal Projects/Overcast/Overcast/Content/Characters/PlaceholderGuy/PlayerAnim_BP.uasset" 117
"../../../../../../Users/Synthas/Documents/Unreal Projects/Overcast/Overcast/Content/Environment/Armored_bird_retopoligized__polySurface4.uasset" 118
"../../../../../../Users/Synthas/Documents/Unreal Projects/Overcast/Overcast/Content/Environment/lambert2.uasset" 119
"../../../../../../Users/Synthas/Documents/Unreal Projects/Overcast/Overcast/Content/Environment/DONE/level2_lambert1_BaseColor.uasset" 120
"../../../../../../Users/Synthas/Documents/Unreal Projects/Overcast/Overcast/Content/Environment/DONE/level3.uasset" 121
"../../../../../../Users/Synthas/Documents/Unreal Projects/Overcast/Overcast/Content/Environment/DONE/level2.uasset" 122
"../../../../../../Users/Synthas/Documents/Unreal Projects/Overcast/Overcast/Content/Environment/level2.uasset" 123
"../../../../../../Users/Synthas/Documents/Unreal Projects/Overcast/Overcast/Content/Environment/DONE/Tree_02_Texture.uasset" 124
"../../../../../../Users/Synthas/Documents/Unreal Projects/Overcast/Overcast/Content/Environment/DONE/lambert4.uasset" 125
"../../../../../../Users/Synthas/Documents/Unreal Projects/Overcast/Overcast/Content/Environment/DONE/Tree_02.uasset" 126
"../../../../../../Users/Synthas/Documents/Unreal Projects/Overcast/Overcast/Content/Environment/Tree_02_polySurface35.uasset" 127
"../../../../../../Users/Synthas/Documents/Unreal Projects/Overcast/Overcast/Content/Environment/DONE/tree_1bevel_lambert1_BaseColor.uasset" 128
"../../../../../../Users/Synthas/Documents/Unreal Projects/Overcast/Overcast/Content/Environment/DONE/Tree.uasset" 129
"../../../../../../Users/Synthas/Documents/Unreal Projects/Overcast/Overcast/Content/Environment/DONE/tree_1.uasset" 130
"../../../../../../Users/Synthas/Documents/Unreal Projects/Overcast/Overcast/Content/Environment/tree_1.uasset" 131
"../../../../../../Users/Synthas/Documents/Unreal Projects/Overcast/Overcast/Content/Environment/DONE/aiStandardSurface1.uasset" 132
"../../../../../../Users/Synthas/Documents/Unreal Projects/Overcast/Overcast/Content/Environment/DONE/aiStandardSurface2.uasset" 133
"../../../../../../Users/Synthas/Documents/Unreal Projects/Overcast/Overcast/Content/Environment/DONE/blinn1.uasset" 134
"../../../../../../Users/Synthas/Documents/Unreal Projects/Overcast/Overcast/Content/Environment/DONE/defaultMat1.uasset" 135
"../../../../../../Users/Synthas/Documents/Unreal Projects/Overcast/Overcast/Content/Characters/Ghost/Ghost_01.uasset" 136
"../../../../../../Users/Synthas/Documents/Unreal Projects/Overcast/Overcast/Content/Environment/DONE/Ghost_01.uasset" 137
"../../../../../../Users/Synthas/Documents/Unreal Projects/Overcast/Overcast/Content/Environment/DONE/grass.uasset" 138
"../../../../../../Users/Synthas/Documents/Unreal Projects/Overcast/Overcast/Content/Environment/DONE/grass_alpha.uasset" 139
"../../../../../../Users/Synthas/Documents/Unreal Projects/Overcast/Overcast/Content/Environment/DONE/Group10Mat.uasset" 140
"../../../../../../Users/Synthas/Documents/Unreal Projects/Overcast/Overcast/Content/Environment/DONE/Group15Mat.uasset" 141
"../../../../../../Users/Synthas/Documents/Unreal Projects/Overcast/Overcast/Content/Environment/DONE/Group20Mat.uasset" 142
"../../../../../../Users/Synthas/Documents/Unreal Projects/Overcast/Overcast/Content/Environment/DONE/Group49107Mat.uasset" 143
"../../../../../../Users/Synthas/Documents/Unreal Projects/Overcast/Overcast/Content/Environment/DONE/Group49110Mat.uasset" 144
"../../../../../../Users/Synthas/Documents/Unreal Projects/Overcast/Overcast/Content/Environment/DONE/lambert1.uasset" 145
"../../../../../../Users/Synthas/Documents/Unreal Projects/Overcast/Overcast/Content/Environment/DONE/lambert2.uasset" 146
"../../../../../../Users/Synthas/Documents/Unreal Projects/Overcast/Overcast/Content/Environment/DONE/leaf_alpha.uasset" 147
"../../../../../../Users/Synthas/Documents/Unreal Projects/Overcast/Overcast/Content/Environment/DONE/MainCharacterwithrig.uasset" 148
"../../../../../../Users/Synthas/Documents/Unreal Projects/Overcast/Overcast/Content/Characters/PatrollingOwl/OwlEnemy_01_Texture.uasset" 149
"../../../../../../Users/Synthas/Documents/Unreal Projects/Overcast/Overcast/Content/Characters/PatrollingOwl/OwlEnemy_Material.uasset" 150
"../../../../../../Users/Synthas/Documents/Unreal Projects/Overcast/Overcast/Content/Characters/PatrollingOwl/OwlEnemyRig_01_PhysicsAsset.uasset" 151
"../../../../../../Users/Synthas/Documents/Unreal Projects/Overcast/Overcast/Content/Characters/PatrollingOwl/OwlEnemyRig_01.uasset" 152
"../../../../../../Users/Synthas/Documents/Unreal Projects/Overcast/Overcast/Content/Environment/DONE/OwlEnemyRig_01.uasset" 153
"../../../../../../Users/Synthas/Documents/Unreal Projects/Overcast/Overcast/Content/Environment/DONE/polySurface142Mat.uasset" 154
"../../../../../../Users/Synthas/Documents/Unreal Projects/Overcast/Overcast/Content/Environment/DONE/Puzzle_box_blinn1_BaseColor.uasset" 155
"../../../../../../Users/Synthas/Documents/Unreal Projects/Overcast/Overcast/Content/Environment/DONE/Puzzle_box_blinn1_BaseColor_Mat.uasset" 156
"../../../../../../Users/Synthas/Documents/Unreal Projects/Overcast/Overcast/Content/Environment/DONE/Puzzlebox-uv.uasset" 157
"../../../../../../Users/Synthas/Documents/Unreal Projects/Overcast/Overcast/Content/Environment/DONE/Puzzle_box.uasset" 158
"../../../../../../Users/Synthas/Documents/Unreal Projects/Overcast/Overcast/Content/Materials/PinkMaterial.uasset" 159
"../../../../../../Users/Synthas/Documents/Unreal Projects/Overcast/Overcast/Content/Environment/PlaceholderMeshes/PlaceholderDiamond.uasset" 160
"../../../../../../Users/Synthas/Documents/Unreal Projects/Overcast/Overcast/Content/Textures/PerlinNoiseTexture.uasset" 161
"../../../../../../Users/Synthas/Documents/Unreal Projects/Overcast/Overcast/Content/Textures/WaterTexture.uasset" 162
"../../../../../../Users/Synthas/Documents/Unreal Projects/Overcast/Overcast/Content/Materials/LatkMaterial.uasset" 163
"../../../../../../Users/Synthas/Documents/Unreal Projects/Overcast/Overcast/Content/Materials/Lighting.uasset" 164
"../../../../../../Users/Synthas/Documents/Unreal Projects/Overcast/Overcast/Content/Materials/LightingV2_P.uasset" 165
"../../../../../../Users/Synthas/Documents/Unreal Projects/Overcast/Overcast/Content/Materials/M_Basic_Wall.uasset" 166
"../../../../../../Users/Synthas/Documents/Unreal Projects/Overcast/Overcast/Content/Particles/Leaf_M.uasset" 167
"../../../../../../Users/Synthas/Documents/Unreal Projects/Overcast/Overcast/Content/Textures/PathIcon.uasset" 168
"../../../../../../Users/Synthas/Documents/Unreal Projects/Overcast/Overcast/Content/Textures/PathIconTexture.uasset" 169
"../../../../../../Users/Synthas/Documents/Unreal Projects/Overcast/Overcast/Content/Textures/Water_Normal.uasset" 170
"../../../../../../Users/Synthas/Documents/Unreal Projects/Overcast/Overcast/Content/UI/HUD/UserInterface_Icon1.uasset" 171
"../../../../../../Users/Synthas/Documents/Unreal Projects/Overcast/Overcast/Content/UI/HUD/UserInterface_Icon2.uasset" 172
"../../../../../../Users/Synthas/Documents/Unreal Projects/Overcast/Overcast/Content/UI/HUD/UserInterface_Icon3.uasset" 173
"../../../../../../Users/Synthas/Documents/Unreal Projects/Overcast/Overcast/Content/UI/HUD/UserInterface_Icon4.uasset" 174
"../../../Engine/Content/Animation/DefaultAnimCurveCompressionSettings.uasset" 175
"../../../Engine/Content/Functions/Engine_MaterialFunctions01/Opacity/CameraDepthFade.uasset" 176
"../../../Engine/Content/EngineMaterials/T_Default_Material_Grid_M.uasset" 177
"../../../Engine/Content/EngineMaterials/T_Default_Material_Grid_N.uasset" 178
"../../../Engine/Content/EngineMaterials/WorldGridMaterial.uasset" 179
"../../../Engine/Content/ArtTools/RenderToTexture/Meshes/S_1_Unit_Plane.uasset" 180
"../../../Engine/Content/EngineMaterials/DefaultMaterial.uasset" 181
"../../../Engine/Content/BasicShapes/Cone.uasset" 182
"../../../Engine/Content/BasicShapes/Cylinder.uasset" 183
"../../../Engine/Content/BasicShapes/Sphere.uasset" 184
"../../../Engine/Content/EditorLandscapeResources/DataLayer.uasset" 185
"../../../Engine/Content/EditorMaterials/MAT_Groups_Toggle.uasset" 186
"../../../Engine/Content/EditorMaterials/MAT_Groups_Visibility.uasset" 187
"../../../Engine/Content/EditorMaterials/PreviewShadowIndicator.uasset" 188
"../../../Engine/Content/EditorMaterials/PreviewShadowIndicatorMaterial.uasset" 189
"../../../Engine/Content/EditorMaterials/MatineeGroups/MAT_ColorTrack.uasset" 190
"../../../Engine/Content/EditorMaterials/MatineeGroups/MAT_Groups_Anim.uasset" 191
"../../../Engine/Content/EditorMaterials/MatineeGroups/MAT_Groups_AudioMaster.uasset" 192
"../../../Engine/Content/EditorMaterials/MatineeGroups/MAT_Groups_Director.uasset" 193
"../../../Engine/Content/EditorMaterials/MatineeGroups/MAT_Groups_Event.uasset" 194
"../../../Engine/Content/EditorMaterials/MatineeGroups/MAT_Groups_Fade.uasset" 195
"../../../Engine/Content/EditorMaterials/MatineeGroups/MAT_Groups_Float.uasset" 196
"../../../Engine/Content/EditorMaterials/MatineeGroups/MAT_Groups_Move.uasset" 197
"../../../Engine/Content/EditorMaterials/MatineeGroups/MAT_Groups_Slomo.uasset" 198
"../../../Engine/Content/EditorMaterials/MatineeGroups/MAT_Groups_Sound.uasset" 199
"../../../Engine/Content/EditorMaterials/MatineeGroups/MAT_Groups_Vector.uasset" 200
"../../../Engine/Content/EditorMaterials/ParticleSystems/PSysThumbnail_NoImage.uasset" 201
"../../../Engine/Content/EditorMaterials/ParticleSystems/PSysThumbnail_OOD.uasset" 202
"../../../Engine/Content/EditorMaterials/Camera/CineMat.uasset" 203
"../../../Engine/Content/EditorMaterials/Camera/MI_CineMat_Rig.uasset" 204
"../../../Engine/Content/EditorMeshes/Camera/SM_CraneRig_Arm.uasset" 205
"../../../Engine/Content/EditorMeshes/Camera/SM_CraneRig_Base.uasset" 206
"../../../Engine/Content/EditorMeshes/Camera/SM_CraneRig_Body.uasset" 207
"../../../Engine/Content/EditorMeshes/Camera/SM_CraneRig_Mount.uasset" 208
"../../../Engine/Content/EditorMeshes/Camera/SM_RailRig_Mount.uasset" 209
"../../../Engine/Content/EditorMeshes/Camera/SM_RailRig_Track.uasset" 210
"../../../Engine/Content/EditorResources/BSPVertex.uasset" 211
"../../../Engine/Content/EditorResources/EmptyActor.uasset" 212
"../../../Engine/Content/EditorResources/S_Actor.uasset" 213
"../../../Engine/Content/EditorResources/S_Note.uasset" 214
"../../../Engine/Content/EditorResources/S_Solver.uasset" 215
"../../../Engine/Content/EditorResources/S_Trigger.uasset" 216
"../../../Engine/Content/EditorResources/AudioIcons/S_AudioComponent_AutoActivate.uasset" 217
"../../../Engine/Content/EditorResources/LightIcons/S_LightError.uasset" 218
"../../../Engine/Content/EditorResources/SequenceRecorder/Countdown.uasset" 219
"../../../Engine/Content/EditorResources/SequenceRecorder/RecordingIndicator.uasset" 220
"../../../Engine/Content/EditorSounds/Notifications/CompileFailed.uasset" 221
"../../../Engine/Content/EditorSounds/Notifications/CompileFailed_Cue.uasset" 222
"../../../Engine/Content/EditorSounds/Notifications/CompileSuccess.uasset" 223
"../../../Engine/Content/EditorSounds/Notifications/CompileStart_Cue.uasset" 224
"../../../Engine/Content/EditorSounds/Notifications/CompileSuccess_Cue.uasset" 225
"../../../Engine/Content/EngineDamageTypes/DmgTypeBP_Environmental.uasset" 226
"../../../Engine/Content/EngineDebugMaterials/DebugEditorMaterial.uasset" 227
"../../../Engine/Content/EngineDebugMaterials/DebugMeshMaterial.uasset" 228
"../../../Engine/Content/EngineDebugMaterials/M_SimpleTranslucent.uasset" 229
"../../../Engine/Content/Functions/Engine_MaterialFunctions02/Utility/CameraDirectionVector.uasset" 230
"../../../Engine/Content/EngineDebugMaterials/VolumeToRender.uasset" 231
"../../../Engine/Content/EngineDebugMaterials/M_VolumeRenderSphereTracePP.uasset" 232
"../../../Engine/Content/EngineDebugMaterials/WireframeMaterial.uasset" 233
"../../../Engine/Content/EngineFonts/Faces/DroidSansFallback.uasset" 234
"../../../Engine/Content/EngineFonts/Faces/RobotoBold.uasset" 235
"../../../Engine/Content/EngineFonts/Faces/RobotoBoldItalic.uasset" 236
"../../../Engine/Content/EngineFonts/Faces/RobotoItalic.uasset" 237
"../../../Engine/Content/EngineFonts/Faces/RobotoLight.uasset" 238
"../../../Engine/Content/EngineFonts/Faces/RobotoRegular.uasset" 239
"../../../Engine/Content/EngineFonts/Roboto.uasset" 240
"../../../Engine/Content/EngineMaterials/BaseFlattenDiffuseMap.uasset" 241
"../../../Engine/Content/EngineMaterials/BaseFlattenEmissiveMap.uasset" 242
"../../../Engine/Content/EngineMaterials/BaseFlattenGrayscaleMap.uasset" 243
"../../../Engine/Content/EngineMaterials/BaseFlattenNormalMap.uasset" 244
"../../../Engine/Content/EngineMaterials/BaseFlattenMaterial.uasset" 245
"../../../Engine/Content/EngineMaterials/BlueNoise.uasset" 246
"../../../Engine/Content/EngineMaterials/DefaultBloomKernel.uasset" 247
"../../../Engine/Content/EngineMaterials/DefaultBokeh.uasset" 248
"../../../Engine/Content/EngineMaterials/DefaultDiffuse.uasset" 249
"../../../Engine/Content/EngineMaterials/DefaultDeferredDecalMaterial.uasset" 250
"../../../Engine/Content/EngineMaterials/DefaultLightFunctionMaterial.uasset" 251
"../../../Engine/Content/Functions/Engine_MaterialFunctions02/Utility/BreakOutFloat2Components.uasset" 252
"../../../Engine/Content/EngineMaterials/DefaultPostProcessMaterial.uasset" 253
"../../../Engine/Content/EngineFonts/RobotoDistanceField.uasset" 254
"../../../Engine/Content/EngineMaterials/DefaultTextMaterialOpaque.uasset" 255
"../../../Engine/Content/EngineMaterials/DefaultVirtualTextureMaterial.uasset" 256
"../../../Engine/Content/EngineMaterials/DefaultWhiteGrid.uasset" 257
"../../../Engine/Content/EngineMaterials/DefaultWhiteGrid_Low.uasset" 258
"../../../Engine/Content/EngineMaterials/EmissiveMeshMaterial.uasset" 259
"../../../Engine/Content/EngineMaterials/GizmoMaterial.uasset" 260
"../../../Engine/Content/EngineMaterials/Good64x64TilingNoiseHighFreq.uasset" 261
"../../../Engine/Content/EngineMaterials/HairDefaultMaterial.uasset" 262
"../../../Engine/Content/EngineMaterials/MiniFont.uasset" 263
"../../../Engine/Content/EngineMaterials/InvalidLightmapSettings.uasset" 264
"../../../Engine/Content/EngineMaterials/M_InvalidLightmapSettings.uasset" 265
"../../../Engine/Content/Functions/Engine_MaterialFunctions02/WorldPositionOffset/CameraOffset.uasset" 266
"../../../Engine/Content/EngineMaterials/PhAT_JointLimitMaterial.uasset" 267
"../../../Engine/Content/EngineMaterials/PreintegratedSkinBRDF.uasset" 268
"../../../Engine/Content/EngineMaterials/RemoveSurfaceMaterial.uasset" 269
"../../../Engine/Content/EngineMaterials/WeightMapPlaceholderTexture.uasset" 270
"../../../Engine/Content/EngineResources/WhiteSquareTexture.uasset" 271
"../../../Engine/Content/EngineMaterials/Widget3DPassThrough.uasset" 272
"../../../Engine/Content/EngineMaterials/Widget3DPassThrough_Masked.uasset" 273
"../../../Engine/Content/EngineMaterials/Widget3DPassThrough_Opaque.uasset" 274
"../../../Engine/Content/EngineMaterials/Widget3DPassThrough_Masked_OneSided.uasset" 275
"../../../Engine/Content/EngineMaterials/Widget3DPassThrough_Opaque_OneSided.uasset" 276
"../../../Engine/Content/EngineMaterials/Widget3DPassThrough_Translucent.uasset" 277
"../../../Engine/Content/EngineMaterials/Widget3DPassThrough_Translucent_OneSided.uasset" 278
"../../../Engine/Content/EngineMeshes/Cylinder.uasset" 279
"../../../Engine/Content/EngineMeshes/Sphere.uasset" 280
"../../../Engine/Content/EngineResources/Black.uasset" 281
"../../../Engine/Content/EngineResources/DefaultTexture.uasset" 282
"../../../Engine/Content/EngineResources/DefaultTextureCube.uasset" 283
"../../../Engine/Content/EngineResources/DefaultVolumeTexture2D.uasset" 284
"../../../Engine/Content/EngineResources/DefaultVolumeTexture.uasset" 285
"../../../Engine/Content/EngineResources/GradientTexture0.uasset" 286
"../../../Engine/Content/EngineSounds/Master.uasset" 287
"../../../Engine/Content/Functions/Engine_MaterialFunctions01/Shading/ConvertFromDiffSpec.uasset" 288
"../../../Engine/Content/Functions/Engine_MaterialFunctions01/Shading/PowerToRoughness.uasset" 289
"../../../Engine/Content/Maps/Templates/Thumbnails/Default.uasset" 290
"../../../Engine/Content/Maps/Templates/Thumbnails/TimeOfDay.uasset" 291
"../../../Engine/Content/Maps/Templates/Thumbnails/VR-Basic.uasset" 292
"../../../Engine/Content/MobileResources/T_MobileControls_texture.uasset" 293
"../../../Engine/Content/MobileResources/T_MobileMenu2.uasset" 294
"../../../Engine/Content/MobileResources/HUD/AnalogHat.uasset" 295
"../../../Engine/Content/MobileResources/HUD/VirtualJoystick_Background.uasset" 296
"../../../Engine/Content/MobileResources/HUD/VirtualJoystick_Thumb.uasset" 297
"../../../Engine/Content/MobileResources/HUD/DefaultVirtualJoysticks.uasset" 298
"../../../Engine/Content/MobileResources/HUD/LeftVirtualJoystickOnly.uasset" 299
"../../../Engine/Content/MobileResources/HUD/MobileHUDButton1_off.uasset" 300
"../../../Engine/Content/MobileResources/HUD/MobileHUDButton1_on.uasset" 301
"../../../Engine/Content/MobileResources/HUD/MobileHUDButton2_off.uasset" 302
"../../../Engine/Content/MobileResources/HUD/MobileHUDButton2_on.uasset" 303
"../../../Engine/Content/MobileResources/HUD/MobileHUDButton3.uasset" 304
"../../../Engine/Content/MobileResources/HUD/MobileHUDButtonFire.uasset" 305
"../../../Engine/Content/MobileResources/HUD/MobileHUDDirectionPad.uasset" 306
"../../../Engine/Content/MobileResources/HUD/MobileHUDDirectionPad2.uasset" 307
"../../../Engine/Content/MobileResources/HUD/MobileHUDDirectionPad3.uasset" 308
"../../../Engine/Content/MobileResources/HUD/MobileHUDDirectionStick.uasset" 309
"../../../Engine/Content/MobileResources/HUD/T_Castle_ThumbstickInner.uasset" 310
"../../../Engine/Content/MobileResources/HUD/T_Castle_ThumbstickOutter.uasset" 311
"../../../Engine/Content/Tutorial/ContentIntroCurve.uasset" 312
"../../../Engine/Content/Tutorial/Basics/LevelEditorAttract.uasset" 313
"../../../Engine/Content/Tutorial/BlueprintTutorials/TutorialAssets/Blueprint_64x.uasset" 314
"../../../Engine/Content/Tutorial/BlueprintTutorials/LevelBlueprintEditorOverview.uasset" 315
"../../../Engine/Content/VREditor/LaserPointer/VR_LaserPower_01.uasset" 316
"../../../Engine/Content/VREditor/TransformGizmo/TransformGizmoMaterial.uasset" 317
"../../../Engine/Content/VREditor/TransformGizmo/TranslucentTransformGizmoMaterial.uasset" 318
"../../../Engine/Content/VREditor/TransformGizmo/BoundingBoxCorner.uasset" 319
"../../../Engine/Content/VREditor/TransformGizmo/BoundingBoxEdge.uasset" 320
"../../../Engine/Content/VREditor/TransformGizmo/PlaneTranslationHandle.uasset" 321
"../../../Engine/Content/VREditor/TransformGizmo/Main.uasset" 322
"../../../Engine/Content/VREditor/TransformGizmo/Xray.uasset" 323
"../../../Engine/Content/VREditor/TransformGizmo/SM_Sequencer_Key.uasset" 324
"../../../Engine/Content/VREditor/TransformGizmo/SM_Sequencer_Node.uasset" 325
"../../Plugins/2D/Paper2D/Content/PlaceholderTextures/DummySpriteTexture.uasset" 326
"../../Plugins/2D/Paper2D/Content/DummySprite.uasset" 327
"../../Plugins/2D/Paper2D/Content/DefaultPaperTerrainMaterial.uasset" 328
"../../Plugins/2D/Paper2D/Content/DummySpriteTexture.uasset" 329
"../../Plugins/2D/Paper2D/Content/DefaultSpriteMaterial.uasset" 330
"../../Plugins/2D/Paper2D/Content/MaskedUnlitSpriteMaterial.uasset" 331
"../../Plugins/2D/Paper2D/Content/OpaqueUnlitSpriteMaterial.uasset" 332
"../../../Engine/Content/Functions/Engine_MaterialFunctions02/Utility/BreakOutFloat4Components.uasset" 333
"../../../Engine/Content/Functions/Engine_MaterialFunctions02/Utility/MakeFloat2.uasset" 334
"../../../Engine/Content/Functions/Engine_MaterialFunctions02/Utility/MakeFloat3.uasset" 335
"../../Plugins/Runtime/Oculus/OculusVR/Content/Materials/OculusMR_ChromaKey.uasset" 336
"../../Plugins/Runtime/Oculus/OculusVR/Content/Materials/OculusMR_ChromaKey_Lit.uasset" 337
"../../Plugins/Runtime/Oculus/OculusVR/Content/Materials/OculusMR_OpaqueColoredMaterial.uasset" 338
"../../Plugins/Runtime/Oculus/OculusVR/Content/Materials/OculusMR_WhiteMaterial.uasset" 339
"../../../../../../Users/Synthas/Documents/Unreal Projects/Overcast/Overcast/Content/Characters/PatrollingOwl/EnemyOwl_01_Slipping.uasset" 340
"../../../../../../Users/Synthas/Documents/Unreal Projects/Overcast/Overcast/Content/Characters/PatrollingOwl/OwlEnemy_01_Idle.uasset" 341
"../../../../../../Users/Synthas/Documents/Unreal Projects/Overcast/Overcast/Content/Characters/PatrollingOwl/Owl_Enemy_01_Walk.uasset" 342
"../../../../../../Users/Synthas/Documents/Unreal Projects/Overcast/Overcast/Content/Characters/PatrollingOwl/PatrollingOwl_RunCycle_Anim.uasset" 343
"../../../../../../Users/Synthas/Documents/Unreal Projects/Overcast/Overcast/Content/Characters/PatrollingOwl/OwlEnemy_WalkRun_BS1D.uasset" 344
"../../../../../../Users/Synthas/Documents/Unreal Projects/Overcast/Overcast/Content/Characters/PatrollingOwl/PatrollingOwl_AttackRun_BS1D.uasset" 345
"../../../../../../Users/Synthas/Documents/Unreal Projects/Overcast/Overcast/Content/Characters/PatrollingOwl/PatrollingOwlABP.uasset" 346
"../../../../../../Users/Synthas/Documents/Unreal Projects/Overcast/Overcast/Content/Blueprints/PatrollingEnemyBP.uasset" 347
"../../../../../../Users/Synthas/Documents/Unreal Projects/Overcast/Overcast/Content/Textures/CameraTriggerIconTexture.uasset" 348
"../../../../../../Users/Synthas/Documents/Unreal Projects/Overcast/Overcast/Content/Blueprints/CameraTrigger_BP.uasset" 349
"../../../../../../Users/Synthas/Documents/Unreal Projects/Overcast/Overcast/Content/Blueprints/PathBP.uasset" 350
"../../../Engine/Content/EngineSky/C_Sky_Cloud_Color.uasset" 351
"../../../Engine/Content/EngineSky/C_Sky_Horizon_Color.uasset" 352
"../../../Engine/Content/EngineSky/C_Sky_Zenith_Color.uasset" 353
"../../../Engine/Content/EngineSky/T_Sky_Blue.uasset" 354
"../../../Engine/Content/EngineSky/T_Sky_Clouds_M.uasset" 355
"../../../Engine/Content/EngineSky/T_Sky_Stars.uasset" 356
"../../../Engine/Content/EngineSky/M_Sky_Panning_Clouds2.uasset" 357
"../../../Engine/Content/EngineSky/SM_SkySphere.uasset" 358
"../../../Engine/Content/EngineSky/BP_Sky_Sphere.uasset" 359
"../../../../../../Users/Synthas/Documents/Unreal Projects/Overcast/Overcast/Content/Blueprints/PlantPlatformBP.uasset" 360
"../../../../../../Users/Synthas/Documents/Unreal Projects/Overcast/Overcast/Content/Environment/DONE/plant_small_plant_BaseColor.uasset" 361
"../../../../../../Users/Synthas/Documents/Unreal Projects/Overcast/Overcast/Content/Environment/DONE/plant1.uasset" 362
"../../../../../../Users/Synthas/Documents/Unreal Projects/Overcast/Overcast/Content/Environment/DONE/plant.uasset" 363
"../../../../../../Users/Synthas/Documents/Unreal Projects/Overcast/Overcast/Content/Environment/DONE/plant_small_lambert1_BaseColor.uasset" 364
"../../../../../../Users/Synthas/Documents/Unreal Projects/Overcast/Overcast/Content/Environment/DONE/small_plant.uasset" 365
"../../../../../../Users/Synthas/Documents/Unreal Projects/Overcast/Overcast/Content/Environment/DONE/plant_small.uasset" 366
"../../../../../../Users/Synthas/Documents/Unreal Projects/Overcast/Overcast/Content/Blueprints/PlantPlatformV2BP.uasset" 367
"../../../../../../Users/Synthas/Documents/Unreal Projects/Overcast/Overcast/Content/Blueprints/PushableBlock_BP.uasset" 368
"../../../../../../Users/Synthas/Documents/Unreal Projects/Overcast/Overcast/Content/Textures/Water_Texture.uasset" 369
"../../../../../../Users/Synthas/Documents/Unreal Projects/Overcast/Overcast/Content/Textures/Water_Texture_Mat.uasset" 370
"../../../../../../Users/Synthas/Documents/Unreal Projects/Overcast/Overcast/Content/Blueprints/Water_BP.uasset" 371
"../../../../../../Users/Synthas/Documents/Unreal Projects/Overcast/Overcast/Content/_block_BuiltData.uasset" 372
"../../../Engine/Content/BasicShapes/BasicShapeMaterial.uasset" 373
"../../../../../../Users/Synthas/Documents/Unreal Projects/Overcast/Overcast/Content/Materials/FloorMaterial.uasset" 374
"../../../../../../Users/Synthas/Documents/Unreal Projects/Overcast/Overcast/Content/Materials/WaterMaterial.uasset" 375
"../../../../../../Users/Synthas/Documents/Unreal Projects/Overcast/Overcast/Content/Characters/PlaceholderGuy/Celshading.uasset" 376
"../../../../../../Users/Synthas/Documents/Unreal Projects/Overcast/Overcast/Content/Characters/PlaceholderGuy/Celshading_Inst.uasset" 377
"../../../Engine/Content/BasicShapes/Cube.uasset" 378
"../../../Engine/Content/EngineMaterials/DefaultPhysicalMaterial.uasset" 379
"../../../../../../Users/Synthas/Documents/Unreal Projects/Overcast/Overcast/Content/Environment/Armored_bird_retopoligized__polySurface1.uasset" 380
"../../../../../../Users/Synthas/Documents/Unreal Projects/Overcast/Overcast/Content/Environment/Ghost_Model_01_polySurface8.uasset" 381
"../../../../../../Users/Synthas/Documents/Unreal Projects/Overcast/Overcast/Content/Environment/plant.uasset" 382
"../../../../../../Users/Synthas/Documents/Unreal Projects/Overcast/Overcast/Content/Environment/ramp.uasset" 383
"../../../../../../Users/Synthas/Documents/Unreal Projects/Overcast/Overcast/Content/Environment/ramp_long.uasset" 384
"../../../../../../Users/Synthas/Documents/Unreal Projects/Overcast/Overcast/Content/Environment/rock_1.uasset" 385
"../../../../../../Users/Synthas/Documents/Unreal Projects/Overcast/Overcast/Content/Environment/rock_2.uasset" 386
"../../../../../../Users/Synthas/Documents/Unreal Projects/Overcast/Overcast/Content/Environment/rock_3.uasset" 387
"../../../../../../Users/Synthas/Documents/Unreal Projects/Overcast/Overcast/Content/Environment/rock_4.uasset" 388
"../../../../../../Users/Synthas/Documents/Unreal Projects/Overcast/Overcast/Content/Environment/rock_6.uasset" 389
"../../../../../../Users/Synthas/Documents/Unreal Projects/Overcast/Overcast/Content/Environment/rock_7.uasset" 390
"../../../../../../Users/Synthas/Documents/Unreal Projects/Overcast/Overcast/Content/Environment/sword.uasset" 391
"../../../../../../Users/Synthas/Documents/Unreal Projects/Overcast/Overcast/Content/Environment/tall_cliff.uasset" 392
"../../../../../../Users/Synthas/Documents/Unreal Projects/Overcast/Overcast/Content/Environment/tent.uasset" 393
"../../../../../../Users/Synthas/Documents/Unreal Projects/Overcast/Overcast/Content/Environment/Wall.uasset" 394
"../../../../../../Users/Synthas/Documents/Unreal Projects/Overcast/Overcast/Content/Environment/Wall_in.uasset" 395
"../../../../../../Users/Synthas/Documents/Unreal Projects/Overcast/Overcast/Content/Environment/Wall_Long.uasset" 396
"../../../../../../Users/Synthas/Documents/Unreal Projects/Overcast/Overcast/Content/Environment/Wall_out.uasset" 397
"../../../../../../Users/Synthas/Documents/Unreal Projects/Overcast/Overcast/Content/Environment/Wall_S.uasset" 398
"../../../../../../Users/Synthas/Documents/Unreal Projects/Overcast/Overcast/Content/Environment/Wall_turn.uasset" 399
"../../../../../../Users/Synthas/Documents/Unreal Projects/Overcast/Overcast/Content/_block.umap" 400
"../../../../../../Users/Synthas/Documents/Unreal Projects/Overcast/Overcast/Content/audio_n_cutscene/NewMediaPlayer.uasset" 401
"../../../Engine/Content/BasicShapes/Plane.uasset" 402
"../../../../../../Users/Synthas/Documents/Unreal Projects/Overcast/Overcast/Content/audio_n_cutscene/Cutscene1_Audio.uasset" 403
"../../../../../../Users/Synthas/Documents/Unreal Projects/Overcast/Overcast/Content/audio_n_cutscene/Decrease.uasset" 404
"../../../../../../Users/Synthas/Documents/Unreal Projects/Overcast/Overcast/Content/Levels/Cutscene_1_BuiltData.uasset" 405
"../../../../../../Users/Synthas/Documents/Unreal Projects/Overcast/Overcast/Content/audio_n_cutscene/Cutscen_source.uasset" 406
"../../../../../../Users/Synthas/Documents/Unreal Projects/Overcast/Overcast/Content/audio_n_cutscene/Cutscene.uasset" 407
"../../../../../../Users/Synthas/Documents/Unreal Projects/Overcast/Overcast/Content/audio_n_cutscene/Cutscene_1.uasset" 408
"../../../../../../Users/Synthas/Documents/Unreal Projects/Overcast/Overcast/Content/Levels/Cutscene_1.umap" 409
"../../../../../../Users/Synthas/Documents/Unreal Projects/Overcast/Overcast/Content/audio_n_cutscene/EndSequense.uasset" 410
"../../../../../../Users/Synthas/Documents/Unreal Projects/Overcast/Overcast/Content/audio_n_cutscene/Cutscene2_Audio1.uasset" 411
"../../../../../../Users/Synthas/Documents/Unreal Projects/Overcast/Overcast/Content/audio_n_cutscene/EndSequence.uasset" 412
"../../../../../../Users/Synthas/Documents/Unreal Projects/Overcast/Overcast/Content/audio_n_cutscene/EndSequense_Video.uasset" 413
"../../../../../../Users/Synthas/Documents/Unreal Projects/Overcast/Overcast/Content/audio_n_cutscene/Cutscene_2W.uasset" 414
"../../../../../../Users/Synthas/Documents/Unreal Projects/Overcast/Overcast/Content/Levels/Cutscene_2.umap" 415
"../../../../../../Users/Synthas/Documents/Unreal Projects/Overcast/Overcast/Content/Blueprints/GhostCamera.uasset" 416
"../../../../../../Users/Synthas/Documents/Unreal Projects/Overcast/Overcast/Content/Blueprints/NewPushableblock_BP.uasset" 417
"../../../../../../Users/Synthas/Documents/Unreal Projects/Overcast/Overcast/Content/Environment/DONE/Puzzle_button_texture.uasset" 418
"../../../../../../Users/Synthas/Documents/Unreal Projects/Overcast/Overcast/Content/Environment/DONE/Puzzle_button_texture_Mat.uasset" 419
"../../../../../../Users/Synthas/Documents/Unreal Projects/Overcast/Overcast/Content/Environment/DONE/Puzzle_button_polySurface2.uasset" 420
"../../../../../../Users/Synthas/Documents/Unreal Projects/Overcast/Overcast/Content/Blueprints/BlockTriggerTouch_BP.uasset" 421
"../../../../../../Users/Synthas/Documents/Unreal Projects/Overcast/Overcast/Content/Characters/ThunderOwl/OwlEnemyRig_02_Skeleton.uasset" 422
"../../../../../../Users/Synthas/Documents/Unreal Projects/Overcast/Overcast/Content/Characters/ThunderOwl/OwlEnemy2_Attack.uasset" 423
"../../../../../../Users/Synthas/Documents/Unreal Projects/Overcast/Overcast/Content/Characters/ThunderOwl/OwlEnemyRig_02_Anim.uasset" 424
"../../../../../../Users/Synthas/Documents/Unreal Projects/Overcast/Overcast/Content/Characters/ThunderOwl/LightningOwlABP.uasset" 425
"../../../../../../Users/Synthas/Documents/Unreal Projects/Overcast/Overcast/Content/Materials/Lighting_P.uasset" 426
"../../../../../../Users/Synthas/Documents/Unreal Projects/Overcast/Overcast/Content/Blueprints/LightningOwlProjectileBP.uasset" 427
"../../../../../../Users/Synthas/Documents/Unreal Projects/Overcast/Overcast/Content/Characters/ThunderOwl/OwlEnemy_02_Texture.uasset" 428
"../../../../../../Users/Synthas/Documents/Unreal Projects/Overcast/Overcast/Content/Characters/ThunderOwl/owlenemy3.uasset" 429
"../../../../../../Users/Synthas/Documents/Unreal Projects/Overcast/Overcast/Content/Characters/ThunderOwl/OwlEnemyRig_02_PhysicsAsset.uasset" 430
"../../../../../../Users/Synthas/Documents/Unreal Projects/Overcast/Overcast/Content/Characters/ThunderOwl/OwlEnemyRig_02.uasset" 431
"../../../../../../Users/Synthas/Documents/Unreal Projects/Overcast/Overcast/Content/Blueprints/LightningOwlEnemyBP.uasset" 432
"../../../../../../Users/Synthas/Documents/Unreal Projects/Overcast/Overcast/Content/Environment/DONE/Sunstone_Crystal_BaseColor__1_.uasset" 433
"../../../../../../Users/Synthas/Documents/Unreal Projects/Overcast/Overcast/Content/Environment/DONE/Sunstone_Crystal_BaseColor__1__Mat.uasset" 434
"../../../../../../Users/Synthas/Documents/Unreal Projects/Overcast/Overcast/Content/Environment/DONE/Sunstone_Stand_BaseColor.uasset" 435
"../../../../../../Users/Synthas/Documents/Unreal Projects/Overcast/Overcast/Content/Environment/DONE/Sunstone_Stand_BaseColor_Mat.uasset" 436
"../../../../../../Users/Synthas/Documents/Unreal Projects/Overcast/Overcast/Content/Environment/DONE/Sunstone.uasset" 437
"../../../../../../Users/Synthas/Documents/Unreal Projects/Overcast/Overcast/Content/Environment/DONE/Sunstone_Crystal_BaseColor.uasset" 438
"../../../../../../Users/Synthas/Documents/Unreal Projects/Overcast/Overcast/Content/Environment/DONE/Sunstone_Crystal_BaseColor_Mat.uasset" 439
"../../../../../../Users/Synthas/Documents/Unreal Projects/Overcast/Overcast/Content/Environment/DONE/Sunstone_Active.uasset" 440
"../../../../../../Users/Synthas/Documents/Unreal Projects/Overcast/Overcast/Content/Blueprints/TriggerTouchSunBP.uasset" 441
"../../../../../../Users/Synthas/Documents/Unreal Projects/Overcast/Overcast/Content/Levels/Level_1_BuiltData.uasset" 442
"../../../../../../Users/Synthas/Documents/Unreal Projects/Overcast/Overcast/Content/Environment/DONE/test.uasset" 443
"../../../../../../Users/Synthas/Documents/Unreal Projects/Overcast/Overcast/Content/Environment/DONE/Terrainnn.uasset" 444
"../../../../../../Users/Synthas/Documents/Unreal Projects/Overcast/Overcast/Content/Materials/CellshadingMat.uasset" 445
"../../../../../../Users/Synthas/Documents/Unreal Projects/Overcast/Overcast/Content/Materials/CellshadingMat_Inst.uasset" 446
"../../../../../../Users/Synthas/Documents/Unreal Projects/Overcast/Overcast/Content/audio_n_cutscene/Lasting_Hope.uasset" 447
"../../../../../../Users/Synthas/Documents/Unreal Projects/Overcast/Overcast/Content/audio_n_cutscene/Lasting_Hope_Cue.uasset" 448
"../../../../../../Users/Synthas/Documents/Unreal Projects/Overcast/Overcast/Content/audio_n_cutscene/TreeBackgroundNoise.uasset" 449
"../../../../../../Users/Synthas/Documents/Unreal Projects/Overcast/Overcast/Content/audio_n_cutscene/TreeBackgroundNoise_Cue.uasset" 450
"../../../../../../Users/Synthas/Documents/Unreal Projects/Overcast/Overcast/Content/Environment/DONE/Door_Texture.uasset" 451
"../../../../../../Users/Synthas/Documents/Unreal Projects/Overcast/Overcast/Content/Environment/DONE/Door_Texture_Mat.uasset" 452
"../../../../../../Users/Synthas/Documents/Unreal Projects/Overcast/Overcast/Content/Environment/DONE/Door_pCube1.uasset" 453
"../../../../../../Users/Synthas/Documents/Unreal Projects/Overcast/Overcast/Content/Environment/DONE/Door_pCube2.uasset" 454
"../../../../../../Users/Synthas/Documents/Unreal Projects/Overcast/Overcast/Content/Environment/DONE/Ghost_Exclamation.uasset" 455
"../../../../../../Users/Synthas/Documents/Unreal Projects/Overcast/Overcast/Content/Environment/DONE/Ghost_Exclamation_Mat.uasset" 456
"../../../../../../Users/Synthas/Documents/Unreal Projects/Overcast/Overcast/Content/Environment/DONE/Ghost_ExclamationMark.uasset" 457
"../../../../../../Users/Synthas/Documents/Unreal Projects/Overcast/Overcast/Content/Environment/DONE/grass_green.uasset" 458
"../../../../../../Users/Synthas/Documents/Unreal Projects/Overcast/Overcast/Content/Environment/DONE/grass_green_Mat.uasset" 459
"../../../../../../Users/Synthas/Documents/Unreal Projects/Overcast/Overcast/Content/Environment/DONE/grassplane.uasset" 460
"../../../../../../Users/Synthas/Documents/Unreal Projects/Overcast/Overcast/Content/Environment/DONE/grass_blue.uasset" 461
"../../../../../../Users/Synthas/Documents/Unreal Projects/Overcast/Overcast/Content/Environment/DONE/grass_blue_M.uasset" 462
"../../../../../../Users/Synthas/Documents/Unreal Projects/Overcast/Overcast/Content/Environment/DONE/grassplaneblue.uasset" 463
"../../../../../../Users/Synthas/Documents/Unreal Projects/Overcast/Overcast/Content/Environment/DONE/grass_yellow.uasset" 464
"../../../../../../Users/Synthas/Documents/Unreal Projects/Overcast/Overcast/Content/Environment/DONE/grass_yellow_M.uasset" 465
"../../../../../../Users/Synthas/Documents/Unreal Projects/Overcast/Overcast/Content/Environment/DONE/grassplaneyellow.uasset" 466
"../../../../../../Users/Synthas/Documents/Unreal Projects/Overcast/Overcast/Content/Environment/DONE/level_1_lambert2_BaseColor.uasset" 467
"../../../../../../Users/Synthas/Documents/Unreal Projects/Overcast/Overcast/Content/Environment/DONE/level_2.uasset" 468
"../../../../../../Users/Synthas/Documents/Unreal Projects/Overcast/Overcast/Content/Environment/DONE/level_1.uasset" 469
"../../../../../../Users/Synthas/Documents/Unreal Projects/Overcast/Overcast/Content/Environment/DONE/RGB.uasset" 470
"../../../../../../Users/Synthas/Documents/Unreal Projects/Overcast/Overcast/Content/Environment/DONE/platform1.uasset" 471
"../../../../../../Users/Synthas/Documents/Unreal Projects/Overcast/Overcast/Content/Environment/DONE/platform.uasset" 472
"../../../../../../Users/Synthas/Documents/Unreal Projects/Overcast/Overcast/Content/Environment/DONE/Puzzle_button_Group53436.uasset" 473
"../../../../../../Users/Synthas/Documents/Unreal Projects/Overcast/Overcast/Content/Environment/DONE/rock_1_lambert1_BaseColor.uasset" 474
"../../../../../../Users/Synthas/Documents/Unreal Projects/Overcast/Overcast/Content/Environment/DONE/rock_material1.uasset" 475
"../../../../../../Users/Synthas/Documents/Unreal Projects/Overcast/Overcast/Content/Environment/DONE/rock_1.uasset" 476
"../../../../../../Users/Synthas/Documents/Unreal Projects/Overcast/Overcast/Content/Environment/DONE/rock_2_lambert1_BaseColor.uasset" 477
"../../../../../../Users/Synthas/Documents/Unreal Projects/Overcast/Overcast/Content/Environment/DONE/rock_material2.uasset" 478
"../../../../../../Users/Synthas/Documents/Unreal Projects/Overcast/Overcast/Content/Environment/DONE/rock_2.uasset" 479
"../../../../../../Users/Synthas/Documents/Unreal Projects/Overcast/Overcast/Content/Environment/DONE/rock_3_lambert1_BaseColor.uasset" 480
"../../../../../../Users/Synthas/Documents/Unreal Projects/Overcast/Overcast/Content/Environment/DONE/rock_material3.uasset" 481
"../../../../../../Users/Synthas/Documents/Unreal Projects/Overcast/Overcast/Content/Environment/DONE/rock_3.uasset" 482
"../../../../../../Users/Synthas/Documents/Unreal Projects/Overcast/Overcast/Content/Environment/DONE/rock_4_lambert1_BaseColor.uasset" 483
"../../../../../../Users/Synthas/Documents/Unreal Projects/Overcast/Overcast/Content/Environment/DONE/rock_material4.uasset" 484
"../../../../../../Users/Synthas/Documents/Unreal Projects/Overcast/Overcast/Content/Environment/DONE/rock_4.uasset" 485
"../../../../../../Users/Synthas/Documents/Unreal Projects/Overcast/Overcast/Content/Environment/DONE/Skull_01_Texture.uasset" 486
"../../../../../../Users/Synthas/Documents/Unreal Projects/Overcast/Overcast/Content/Environment/DONE/Skull_01_Texture_Mat.uasset" 487
"../../../../../../Users/Synthas/Documents/Unreal Projects/Overcast/Overcast/Content/Environment/DONE/Skull_01.uasset" 488
"../../../../../../Users/Synthas/Documents/Unreal Projects/Overcast/Overcast/Content/Environment/DONE/Skull_02_Texture.uasset" 489
"../../../../../../Users/Synthas/Documents/Unreal Projects/Overcast/Overcast/Content/Environment/DONE/Skull_02_Texture_Mat.uasset" 490
"../../../../../../Users/Synthas/Documents/Unreal Projects/Overcast/Overcast/Content/Environment/DONE/Skull_02.uasset" 491
"../../../../../../Users/Synthas/Documents/Unreal Projects/Overcast/Overcast/Content/Environment/DONE/Sword_Texture.uasset" 492
"../../../../../../Users/Synthas/Documents/Unreal Projects/Overcast/Overcast/Content/Environment/DONE/Sword_Texture_Mat.uasset" 493
"../../../../../../Users/Synthas/Documents/Unreal Projects/Overcast/Overcast/Content/Environment/DONE/Sword.uasset" 494
"../../../../../../Users/Synthas/Documents/Unreal Projects/Overcast/Overcast/Content/Environment/DONE/Tent_defaultMat_BaseColor.uasset" 495
"../../../../../../Users/Synthas/Documents/Unreal Projects/Overcast/Overcast/Content/Environment/DONE/Tent_defaultMat_Roughness.uasset" 496
"../../../../../../Users/Synthas/Documents/Unreal Projects/Overcast/Overcast/Content/Environment/DONE/Tent_defaultMat_BaseColor_Mat.uasset" 497
"../../../../../../Users/Synthas/Documents/Unreal Projects/Overcast/Overcast/Content/Environment/DONE/Tent.uasset" 498
"../../../../../../Users/Synthas/Documents/Unreal Projects/Overcast/Overcast/Content/Environment/DONE/Terrain_1_lambert1_BaseColor.uasset" 499
"../../../../../../Users/Synthas/Documents/Unreal Projects/Overcast/Overcast/Content/Environment/DONE/lambert3.uasset" 500
"../../../../../../Users/Synthas/Documents/Unreal Projects/Overcast/Overcast/Content/Environment/DONE/Terrain_1.uasset" 501
"../../../../../../Users/Synthas/Documents/Unreal Projects/Overcast/Overcast/Content/Environment/DONE/Terrain_2_lambert1_BaseColor.uasset" 502
"../../../../../../Users/Synthas/Documents/Unreal Projects/Overcast/Overcast/Content/Environment/DONE/Terrain_2_M.uasset" 503
"../../../../../../Users/Synthas/Documents/Unreal Projects/Overcast/Overcast/Content/Environment/DONE/Terrain_2.uasset" 504
"../../../../../../Users/Synthas/Documents/Unreal Projects/Overcast/Overcast/Content/Environment/DONE/leaf.uasset" 505
"../../../../../../Users/Synthas/Documents/Unreal Projects/Overcast/Overcast/Content/Environment/DONE/leaf_Mat.uasset" 506
"../../../../../../Users/Synthas/Documents/Unreal Projects/Overcast/Overcast/Content/Environment/DONE/leaf_Mesh.uasset" 507
"../../../../../../Users/Synthas/Documents/Unreal Projects/Overcast/Overcast/Content/Particles/Leaf.uasset" 508
"../../../../../../Users/Synthas/Documents/Unreal Projects/Overcast/Overcast/Content/Levels/Level_1.umap" 509
"../../../../../../Users/Synthas/Documents/Unreal Projects/Overcast/Overcast/Content/Levels/Level_2_BuiltData.uasset" 510
"../../../../../../Users/Synthas/Documents/Unreal Projects/Overcast/Overcast/Content/Environment/DONE/TERRAINLEVEL2.uasset" 511
"../../../../../../Users/Synthas/Documents/Unreal Projects/Overcast/Overcast/Content/Environment/DONE/TERRAINLEVEL2_Mat.uasset" 512
"../../../../../../Users/Synthas/Documents/Unreal Projects/Overcast/Overcast/Content/audio_n_cutscene/Window_Demons.uasset" 513
"../../../../../../Users/Synthas/Documents/Unreal Projects/Overcast/Overcast/Content/audio_n_cutscene/Window_Demons_Cue.uasset" 514
"../../../../../../Users/Synthas/Documents/Unreal Projects/Overcast/Overcast/Content/Environment/DONE/column_lambert1_BaseColor.uasset" 515
"../../../../../../Users/Synthas/Documents/Unreal Projects/Overcast/Overcast/Content/Environment/DONE/column_lambert1_BaseColor_Mat.uasset" 516
"../../../../../../Users/Synthas/Documents/Unreal Projects/Overcast/Overcast/Content/Environment/DONE/column.uasset" 517
"../../../../../../Users/Synthas/Documents/Unreal Projects/Overcast/Overcast/Content/Environment/DONE/JailBars_Texture.uasset" 518
"../../../../../../Users/Synthas/Documents/Unreal Projects/Overcast/Overcast/Content/Environment/DONE/JailBars_Texture_Mat.uasset" 519
"../../../../../../Users/Synthas/Documents/Unreal Projects/Overcast/Overcast/Content/Environment/DONE/JailBars.uasset" 520
"../../../../../../Users/Synthas/Documents/Unreal Projects/Overcast/Overcast/Content/Environment/DONE/PaperAndInk_Texture.uasset" 521
"../../../../../../Users/Synthas/Documents/Unreal Projects/Overcast/Overcast/Content/Environment/DONE/PaperAndInk_Texture_Mat.uasset" 522
"../../../../../../Users/Synthas/Documents/Unreal Projects/Overcast/Overcast/Content/Environment/DONE/PaperAndInk.uasset" 523
"../../../../../../Users/Synthas/Documents/Unreal Projects/Overcast/Overcast/Content/Environment/DONE/Stump_Texture.uasset" 524
"../../../../../../Users/Synthas/Documents/Unreal Projects/Overcast/Overcast/Content/Environment/DONE/Stump_Texture_Mat.uasset" 525
"../../../../../../Users/Synthas/Documents/Unreal Projects/Overcast/Overcast/Content/Environment/DONE/stump.uasset" 526
"../../../../../../Users/Synthas/Documents/Unreal Projects/Overcast/Overcast/Content/Environment/DONE/Terrain_3_lambert3_BaseColor.uasset" 527
"../../../../../../Users/Synthas/Documents/Unreal Projects/Overcast/Overcast/Content/Environment/DONE/Terrain3.uasset" 528
"../../../../../../Users/Synthas/Documents/Unreal Projects/Overcast/Overcast/Content/Environment/DONE/Terrain_3.uasset" 529
"../../../../../../Users/Synthas/Documents/Unreal Projects/Overcast/Overcast/Content/Environment/DONE/Terrain_4_lambert1_BaseColor.uasset" 530
"../../../../../../Users/Synthas/Documents/Unreal Projects/Overcast/Overcast/Content/Environment/DONE/terrain4.uasset" 531
"../../../../../../Users/Synthas/Documents/Unreal Projects/Overcast/Overcast/Content/Environment/DONE/Terrain_4.uasset" 532
"../../../../../../Users/Synthas/Documents/Unreal Projects/Overcast/Overcast/Content/Environment/DONE/torch_lambert1_BaseColor.uasset" 533
"../../../../../../Users/Synthas/Documents/Unreal Projects/Overcast/Overcast/Content/Environment/DONE/torch_lambert1_BaseColor_Mat.uasset" 534
"../../../../../../Users/Synthas/Documents/Unreal Projects/Overcast/Overcast/Content/Environment/DONE/torch.uasset" 535
"../../../../../../Users/Synthas/Documents/Unreal Projects/Overcast/Overcast/Content/Environment/DONE/wall_1_lambert1_BaseColor.uasset" 536
"../../../../../../Users/Synthas/Documents/Unreal Projects/Overcast/Overcast/Content/Environment/DONE/wall_1_lambert1_BaseColor_Mat.uasset" 537
"../../../../../../Users/Synthas/Documents/Unreal Projects/Overcast/Overcast/Content/Environment/DONE/wall_1.uasset" 538
"../../../../../../Users/Synthas/Documents/Unreal Projects/Overcast/Overcast/Content/Environment/DONE/wall_2_lambert1_BaseColor.uasset" 539
"../../../../../../Users/Synthas/Documents/Unreal Projects/Overcast/Overcast/Content/Environment/DONE/wall_2_lambert1_BaseColor_Mat.uasset" 540
"../../../../../../Users/Synthas/Documents/Unreal Projects/Overcast/Overcast/Content/Environment/DONE/wall_2.uasset" 541
"../../../../../../Users/Synthas/Documents/Unreal Projects/Overcast/Overcast/Content/Environment/DONE/wall_3_lambert1_BaseColor.uasset" 542
"../../../../../../Users/Synthas/Documents/Unreal Projects/Overcast/Overcast/Content/Environment/DONE/wall_3_lambert1_BaseColor_Mat.uasset" 543
"../../../../../../Users/Synthas/Documents/Unreal Projects/Overcast/Overcast/Content/Environment/DONE/wall_3.uasset" 544
"../../../../../../Users/Synthas/Documents/Unreal Projects/Overcast/Overcast/Content/Levels/Level_2.umap" 545
"../../../../../../Users/Synthas/Documents/Unreal Projects/Overcast/Overcast/Content/UI/MainMenu/NoSaveMenuWBP.uasset" 546
"../../../../../../Users/Synthas/Documents/Unreal Projects/Overcast/Overcast/Content/UI/MainMenu/OptionsMenuWBP.uasset" 547
"../../../../../../Users/Synthas/Documents/Unreal Projects/Overcast/Overcast/Content/UI/MainMenu/OverCastLogo.uasset" 548
"../../../../../../Users/Synthas/Documents/Unreal Projects/Overcast/Overcast/Content/UI/MainMenu/OverwriteMenuWBP.uasset" 549
"../../../../../../Users/Synthas/Documents/Unreal Projects/Overcast/Overcast/Content/UI/MainMenu/MenuWBP.uasset" 550
"../../../../../../Users/Synthas/Documents/Unreal Projects/Overcast/Overcast/Content/Blueprints/OvercastMenuGameModeBP.uasset" 551
"../../../../../../Users/Synthas/Documents/Unreal Projects/Overcast/Overcast/Content/Levels/MenuLevel.umap" 552
"../../../../../../Users/Synthas/Documents/Unreal Projects/Overcast/Overcast/Content/Materials/BlueMaterial.uasset" 553
"../../../../../../Users/Synthas/Documents/Unreal Projects/Overcast/Overcast/Content/Levels/TestLevels/CameraTestLevel.umap" 554
"../../../../../../Users/Synthas/Documents/Unreal Projects/Overcast/Overcast/Content/Levels/TestLevels/EnemyTestLevel.umap" 555
"../../../Engine/Content/MapTemplates/SM_Template_Map_Floor.uasset" 556
"../../../../../../Users/Synthas/Documents/Unreal Projects/Overcast/Overcast/Content/Levels/TestLevels/TestLevel.umap" 557
"../../../Engine/Content/Maps/Entry_BuiltData.uasset" 558
"../../../Engine/Content/Maps/Entry.umap" 559
